[     834ms] [INFO] %cDownload the React DevTools for a better development experience: https://react.dev/link/react-devtools font-weight:bold @ http://[::1]:5173/node_modules/.vite/deps/react-dom_client.js?v=caed5847:20102
[     899ms] [WARNING] The width(-1) and height(-1) of chart should be greater than 0,
       please check the style of container, or the props width(100%) and height(100%),
       or add a minWidth(0) or minHeight(undefined) or use aspect(undefined) to control the
       height and width. @ http://[::1]:5173/node_modules/.vite/deps/recharts.js?v=caed5847:8975
[     899ms] [WARNING] The width(-1) and height(-1) of chart should be greater than 0,
       please check the style of container, or the props width(100%) and height(100%),
       or add a minWidth(0) or minHeight(undefined) or use aspect(undefined) to control the
       height and width. @ http://[::1]:5173/node_modules/.vite/deps/recharts.js?v=caed5847:8975
[     904ms] [WARNING] The width(-1) and height(-1) of chart should be greater than 0,
       please check the style of container, or the props width(100%) and height(100%),
       or add a minWidth(0) or minHeight(undefined) or use aspect(undefined) to control the
       height and width. @ http://[::1]:5173/node_modules/.vite/deps/recharts.js?v=caed5847:8975
[     904ms] [WARNING] The width(-1) and height(-1) of chart should be greater than 0,
       please check the style of container, or the props width(100%) and height(100%),
       or add a minWidth(0) or minHeight(undefined) or use aspect(undefined) to control the
       height and width. @ http://[::1]:5173/node_modules/.vite/deps/recharts.js?v=caed5847:8975
[    1496ms] [INFO] %cDownload the React DevTools for a better development experience: https://react.dev/link/react-devtools font-weight:bold @ http://[::1]:5173/node_modules/.vite/deps/react-dom_client.js?v=caed5847:20102
[    1534ms] [WARNING] The width(-1) and height(-1) of chart should be greater than 0,
       please check the style of container, or the props width(100%) and height(100%),
       or add a minWidth(0) or minHeight(undefined) or use aspect(undefined) to control the
       height and width. @ http://[::1]:5173/node_modules/.vite/deps/recharts.js?v=caed5847:8975
[    1535ms] [WARNING] The width(-1) and height(-1) of chart should be greater than 0,
       please check the style of container, or the props width(100%) and height(100%),
       or add a minWidth(0) or minHeight(undefined) or use aspect(undefined) to control the
       height and width. @ http://[::1]:5173/node_modules/.vite/deps/recharts.js?v=caed5847:8975
[    1536ms] [WARNING] The width(-1) and height(-1) of chart should be greater than 0,
       please check the style of container, or the props width(100%) and height(100%),
       or add a minWidth(0) or minHeight(undefined) or use aspect(undefined) to control the
       height and width. @ http://[::1]:5173/node_modules/.vite/deps/recharts.js?v=caed5847:8975
[    1537ms] [WARNING] The width(-1) and height(-1) of chart should be greater than 0,
       please check the style of container, or the props width(100%) and height(100%),
       or add a minWidth(0) or minHeight(undefined) or use aspect(undefined) to control the
       height and width. @ http://[::1]:5173/node_modules/.vite/deps/recharts.js?v=caed5847:8975
[   10585ms] [INFO] %cDownload the React DevTools for a better development experience: https://react.dev/link/react-devtools font-weight:bold @ http://[::1]:5173/node_modules/.vite/deps/react-dom_client.js?v=caed5847:20102
[   10629ms] [WARNING] The width(-1) and height(-1) of chart should be greater than 0,
       please check the style of container, or the props width(100%) and height(100%),
       or add a minWidth(0) or minHeight(undefined) or use aspect(undefined) to control the
       height and width. @ http://[::1]:5173/node_modules/.vite/deps/recharts.js?v=caed5847:8975
[   10629ms] [WARNING] The width(-1) and height(-1) of chart should be greater than 0,
       please check the style of container, or the props width(100%) and height(100%),
       or add a minWidth(0) or minHeight(undefined) or use aspect(undefined) to control the
       height and width. @ http://[::1]:5173/node_modules/.vite/deps/recharts.js?v=caed5847:8975
[   10631ms] [WARNING] The width(-1) and height(-1) of chart should be greater than 0,
       please check the style of container, or the props width(100%) and height(100%),
       or add a minWidth(0) or minHeight(undefined) or use aspect(undefined) to control the
       height and width. @ http://[::1]:5173/node_modules/.vite/deps/recharts.js?v=caed5847:8975
[   10631ms] [WARNING] The width(-1) and height(-1) of chart should be greater than 0,
       please check the style of container, or the props width(100%) and height(100%),
       or add a minWidth(0) or minHeight(undefined) or use aspect(undefined) to control the
       height and width. @ http://[::1]:5173/node_modules/.vite/deps/recharts.js?v=caed5847:8975
