[     305ms] [INFO] %cDownload the React DevTools for a better development experience: https://react.dev/link/react-devtools font-weight:bold @ http://[::1]:5173/node_modules/.vite/deps/react-dom_client.js?v=c249761b:20102
[    7316ms] [ERROR] Failed to load resource: the server responded with a status of 404 (Not Found) @ http://127.0.0.1:8000/evidence/7/download:0
[    8076ms] [ERROR] Failed to load resource: the server responded with a status of 500 (Internal Server Error) @ http://127.0.0.1:8000/evidence/8/download:0
[  216072ms] [INFO] %cDownload the React DevTools for a better development experience: https://react.dev/link/react-devtools font-weight:bold @ http://[::1]:5173/node_modules/.vite/deps/react-dom_client.js?v=c249761b:20102
[  218257ms] [ERROR] Failed to load resource: the server responded with a status of 404 (Not Found) @ http://[::1]:5173/resources/js/routes/index.ts?t=1778022021658:0
[  218257ms] [ERROR] [vite] Failed to reload /resources/js/pages/auth/login.tsx. This could be due to syntax errors or importing non-existent modules. (see errors above) @ http://[::1]:5173/@vite/client:808
[  218259ms] [ERROR] Failed to load resource: the server responded with a status of 404 (Not Found) @ http://[::1]:5173/resources/js/routes/login/index.ts?t=1778022021656:0
[  218262ms] [ERROR] Failed to load resource: the server responded with a status of 404 (Not Found) @ http://[::1]:5173/resources/js/routes/password/index.ts?t=1778022021660:0
[  218265ms] [ERROR] [vite] Failed to reload /resources/js/layouts/auth/auth-simple-layout.tsx. This could be due to syntax errors or importing non-existent modules. (see errors above) @ http://[::1]:5173/@vite/client:808
[  218266ms] [ERROR] [vite] Failed to reload /resources/js/pages/auth/login.tsx. This could be due to syntax errors or importing non-existent modules. (see errors above) @ http://[::1]:5173/@vite/client:808
[  218271ms] [ERROR] [vite] Failed to reload /resources/js/pages/auth/login.tsx. This could be due to syntax errors or importing non-existent modules. (see errors above) @ http://[::1]:5173/@vite/client:808
[  218415ms] [ERROR] Failed to load resource: the server responded with a status of 404 (Not Found) @ http://[::1]:5173/resources/js/routes/index.ts?t=1778022021658:0
[  218416ms] [ERROR] Failed to load resource: the server responded with a status of 404 (Not Found) @ http://[::1]:5173/resources/js/routes/login/index.ts?t=1778022021656:0
[  218419ms] [ERROR] Failed to load resource: the server responded with a status of 404 (Not Found) @ http://[::1]:5173/resources/js/routes/password/index.ts?t=1778022021660:0
[  218432ms] [INFO] %cDownload the React DevTools for a better development experience: https://react.dev/link/react-devtools font-weight:bold @ http://[::1]:5173/node_modules/.vite/deps/react-dom_client.js?v=c249761b:20102
[  218455ms] Failed to fetch dynamically imported module: http://[::1]:5173/resources/js/pages/auth/login.tsx?t=1778022021660
[  219252ms] [INFO] %cDownload the React DevTools for a better development experience: https://react.dev/link/react-devtools font-weight:bold @ http://[::1]:5173/node_modules/.vite/deps/react-dom_client.js?v=c249761b:20102
[  221858ms] [INFO] %cDownload the React DevTools for a better development experience: https://react.dev/link/react-devtools font-weight:bold @ http://[::1]:5173/node_modules/.vite/deps/react-dom_client.js?v=c249761b:20102
[  223958ms] [ERROR] Failed to load resource: the server responded with a status of 404 (Not Found) @ http://[::1]:5173/resources/js/routes/index.ts?t=1778022027356:0
[  223958ms] [ERROR] [vite] Failed to reload /resources/js/layouts/auth/auth-simple-layout.tsx. This could be due to syntax errors or importing non-existent modules. (see errors above) @ http://[::1]:5173/@vite/client:808
[  223958ms] [ERROR] [vite] Failed to reload /resources/js/pages/auth/login.tsx. This could be due to syntax errors or importing non-existent modules. (see errors above) @ http://[::1]:5173/@vite/client:808
[  223961ms] [ERROR] Failed to load resource: the server responded with a status of 404 (Not Found) @ http://[::1]:5173/resources/js/routes/login/index.ts?t=1778022027357:0
[  223961ms] [ERROR] Failed to load resource: the server responded with a status of 404 (Not Found) @ http://[::1]:5173/resources/js/routes/password/index.ts?t=1778022027358:0
[  223965ms] [ERROR] [vite] Failed to reload /resources/js/pages/auth/login.tsx. This could be due to syntax errors or importing non-existent modules. (see errors above) @ http://[::1]:5173/@vite/client:808
[  223970ms] [ERROR] [vite] Failed to reload /resources/js/pages/auth/login.tsx. This could be due to syntax errors or importing non-existent modules. (see errors above) @ http://[::1]:5173/@vite/client:808
[  224138ms] [ERROR] Failed to load resource: the server responded with a status of 404 (Not Found) @ http://[::1]:5173/resources/js/routes/index.ts?t=1778022027356:0
[  224140ms] [ERROR] Failed to load resource: the server responded with a status of 404 (Not Found) @ http://[::1]:5173/resources/js/routes/login/index.ts?t=1778022027357:0
[  224142ms] [ERROR] Failed to load resource: the server responded with a status of 404 (Not Found) @ http://[::1]:5173/resources/js/routes/password/index.ts?t=1778022027358:0
[  224159ms] [INFO] %cDownload the React DevTools for a better development experience: https://react.dev/link/react-devtools font-weight:bold @ http://[::1]:5173/node_modules/.vite/deps/react-dom_client.js?v=c249761b:20102
[  224178ms] Failed to fetch dynamically imported module: http://[::1]:5173/resources/js/pages/auth/login.tsx?t=1778022027358
[  224911ms] [INFO] %cDownload the React DevTools for a better development experience: https://react.dev/link/react-devtools font-weight:bold @ http://[::1]:5173/node_modules/.vite/deps/react-dom_client.js?v=c249761b:20102
